info it worked if it ends with ok
verbose cli [ 'node', '/usr/bin/npm', 'install', 'express', 'socker.io' ]
info using npm@1.1.0-beta-4
info using node@v0.6.6
verbose config file /home/falk/.npmrc
verbose config file /usr/etc/npmrc
verbose config file /usr/lib/node_modules/npm/npmrc
verbose caching /home/falk/Development/webglgame/package.json
verbose loadDefaults application-name@0.0.1
verbose caching /home/falk/Development/webglgame/node_modules/socket.io/package.json
verbose loadDefaults socket.io@0.8.7
verbose caching /home/falk/Development/webglgame/node_modules/jade/package.json
verbose loadDefaults jade@0.20.0
verbose from cache /home/falk/Development/webglgame/package.json
verbose into /home/falk/Development/webglgame [ 'express', 'socker.io' ]
verbose cache add express@2.5.1
verbose cache add [ 'express@2.5.1', null ]
silly cache add: name, spec, args [ undefined, 'express@2.5.1', [ 'express@2.5.1', null ] ]
verbose parsed url { pathname: 'express@2.5.1',
verbose parsed url   path: 'express@2.5.1',
verbose parsed url   href: 'express@2.5.1' }
silly cache add: name, spec, args [ 'express', '2.5.1', [ 'express', '2.5.1' ] ]
verbose parsed url { pathname: '2.5.1', path: '2.5.1', href: '2.5.1' }
verbose addNamed [ 'express', '2.5.1' ]
verbose addNamed [ '2.5.1', '2.5.1' ]
verbose cache add socker.io
verbose cache add [ 'socker.io', null ]
silly cache add: name, spec, args [ undefined, 'socker.io', [ 'socker.io', null ] ]
verbose parsed url { pathname: 'socker.io', path: 'socker.io', href: 'socker.io' }
verbose addNamed [ 'socker.io', '' ]
verbose addNamed [ null, '' ]
silly name, range, hasData [ 'socker.io', '', false ]
verbose raw, before any munging socker.io
verbose url resolving [ 'https://registry.npmjs.org/', './socker.io' ]
verbose url resolved https://registry.npmjs.org/socker.io
http GET https://registry.npmjs.org/socker.io
verbose raw, before any munging express/2.5.1
verbose url resolving [ 'https://registry.npmjs.org/', './express/2.5.1' ]
verbose url resolved https://registry.npmjs.org/express/2.5.1
verbose etag "D2H4UP9KNNJG3XFXBEIJV4ZU8"
http GET https://registry.npmjs.org/express/2.5.1
http 404 https://registry.npmjs.org/socker.io
silly get cb [ 304, undefined ]
verbose mkdir (expected) error ENOENT, no such file or directory '/home/falk/.npm/socker.io'
verbose mkdir done: /home/falk/.npm/socker.io 755
silly name, range, hasData 2 [ 'socker.io', '', true ]
ERR! TypeError: Object.keys called on non-object
ERR!     at Function.keys (native)
ERR!     at next_ (/usr/lib/node_modules/npm/lib/cache.js:428:34)
ERR!     at next (/usr/lib/node_modules/npm/lib/cache.js:415:44)
ERR!     at /usr/lib/node_modules/npm/lib/cache.js:408:5
ERR!     at Object.saved [as oncomplete] (/usr/lib/node_modules/npm/lib/utils/npm-registry-client/get.js:147:7)
ERR! Report this *entire* log at:
ERR!     <http://github.com/isaacs/npm/issues>
ERR! or email it to:
ERR!     <npm-@googlegroups.com>
ERR! 
ERR! System Linux 3.1.5-1-ARCH
ERR! command "node" "/usr/bin/npm" "install" "express" "socker.io"
ERR! cwd /home/falk/Development/webglgame
ERR! node -v v0.6.6
ERR! npm -v 1.1.0-beta-4
ERR! type obj_ctor_property_non_object
ERR! arguments [ 'keys' ]
ERR! message Object.keys called on non-object
verbose exit [ 1, true ]
